<?xml version="1.0" encoding="UTF-8"?>
<!-- Generated by org.testng.reporters.JUnitReportReporter -->
<testsuite hostname="GUR00184446L" failures="0" tests="7" name="com.unitTestArithmetic.qa.testcases.MathsFunctionTest" time="0.029" errors="0" timestamp="2021-01-31T21:49:59 IST" skipped="0">
  <testcase classname="com.unitTestArithmetic.qa.testcases.MathsFunctionTest" name="addTest2" time="0.002"/>
  <system-out/>
  <testcase classname="com.unitTestArithmetic.qa.testcases.MathsFunctionTest" name="addTest3" time="0.002"/>
  <system-out/>
  <testcase classname="com.unitTestArithmetic.qa.testcases.MathsFunctionTest" name="addTest1" time="0.012"/>
  <system-out/>
  <testcase classname="com.unitTestArithmetic.qa.testcases.MathsFunctionTest" name="addTest5" time="0.006"/>
  <system-out/>
  <testcase classname="com.unitTestArithmetic.qa.testcases.MathsFunctionTest" name="addTest6" time="0.002"/>
  <system-out/>
  <testcase classname="com.unitTestArithmetic.qa.testcases.MathsFunctionTest" name="addTest7" time="0.003"/>
  <system-out/>
  <testcase classname="com.unitTestArithmetic.qa.testcases.MathsFunctionTest" name="addTest4" time="0.002"/>
  <system-out/>
</testsuite> <!-- com.unitTestArithmetic.qa.testcases.MathsFunctionTest -->
