<?xml version="1.0" encoding="UTF-8"?>
<!-- Generated by org.testng.reporters.JUnitReportReporter -->
<testsuite hostname="GUR00184446L" failures="0" tests="7" name="com.unitTestArithmetic.qa.testcases.AddFunctionTest" time="0.033" errors="0" timestamp="2021-01-31T22:20:31 IST" skipped="0">
  <testcase classname="com.unitTestArithmetic.qa.testcases.AddFunctionTest" name="addTest5" time="0.002"/>
  <system-out/>
  <testcase classname="com.unitTestArithmetic.qa.testcases.AddFunctionTest" name="addTest7" time="0.001"/>
  <system-out/>
  <testcase classname="com.unitTestArithmetic.qa.testcases.AddFunctionTest" name="addTest6" time="0.003"/>
  <system-out/>
  <testcase classname="com.unitTestArithmetic.qa.testcases.AddFunctionTest" name="addTest3" time="0.003"/>
  <system-out/>
  <testcase classname="com.unitTestArithmetic.qa.testcases.AddFunctionTest" name="addTest4" time="0.008"/>
  <system-out/>
  <testcase classname="com.unitTestArithmetic.qa.testcases.AddFunctionTest" name="addTest2" time="0.002"/>
  <system-out/>
  <testcase classname="com.unitTestArithmetic.qa.testcases.AddFunctionTest" name="addTest1" time="0.014"/>
  <system-out/>
</testsuite> <!-- com.unitTestArithmetic.qa.testcases.AddFunctionTest -->
